#
# A fatal error has been detected by the Java Runtime Environment:
#
#  SIGSEGV (0xb) at pc=0x00000001253aa45f, pid=6184, tid=0x000000000000c007
#
# JRE version: Java(TM) SE Runtime Environment (8.0_151-b12) (build 1.8.0_151-b12)
# Java VM: Java HotSpot(TM) 64-Bit Server VM (25.151-b12 mixed mode bsd-amd64 compressed oops)
# Problematic frame:
# C  [libawt_lwawt.dylib+0x1c45f]  OGLSD_SetScratchSurface+0x49
#
# Failed to write core dump. Core dumps have been disabled. To enable core dumping, try "ulimit -c unlimited" before starting Java again
#
# If you would like to submit a bug report, please visit:
#   http://bugreport.java.com/bugreport/crash.jsp
# The crash happened outside the Java Virtual Machine in native code.
# See problematic frame for where to report the bug.
#

---------------  T H R E A D  ---------------

Current thread (0x00007fabbb9c5000):  JavaThread "Java2D Queue Flusher" daemon [_thread_in_native, id=49159, stack(0x000070000d5b6000,0x000070000d6b6000)]

siginfo: si_signo: 11 (SIGSEGV), si_code: 1 (SEGV_MAPERR), si_addr: 0x0000000000000002

Registers:
RAX=0x00000000ffffffff, RBX=0x0000000000000002, RCX=0x0000000000000047, RDX=0x00000001253cb258
RSP=0x000070000d6b5730, RBP=0x000070000d6b5750, RSI=0x00007fabba7a72c0, RDI=0x00007fabbb9c51f8
R8 =0x0000000000000a2c, R9 =0xffffffff00000000, R10=0x000000010e5cb978, R11=0x000000010e652340
R12=0x0000000000000000, R13=0x000070000d6b58e8, R14=0x00007fabbb9c51f8, R15=0x00007fabbb9c5000
RIP=0x00000001253aa45f, EFLAGS=0x0000000000010202, ERR=0x0000000000000004
  TRAPNO=0x000000000000000e

Top of Stack: (sp=0x000070000d6b5730)
0x000070000d6b5730:   00007fabba7a72c0 0000000000000000
0x000070000d6b5740:   00007fabbb9c7410 00007fabbb9c5000
0x000070000d6b5750:   000070000d6b57d0 00000001253cad36
0x000070000d6b5760:   00007fabba66bb00 0000000200000001
0x000070000d6b5770:   000070000d6b5880 000000010d544300
0x000070000d6b5780:   0000000000000000 0000000000000000
0x000070000d6b5790:   000070000d6b57d0 00007fabbb9c7420
0x000070000d6b57a0:   00000001002b8658 00007fabbb9c51f8
0x000070000d6b57b0:   000000015ce7ecc8 0000000000000000
0x000070000d6b57c0:   000070000d6b5968 00007fabbb9c5000
0x000070000d6b57d0:   000070000d6b5820 000000010e5cb9ea
0x000070000d6b57e0:   0000000740c267b0 000000010d794ac0
0x000070000d6b57f0:   0000000000000064 0000000000000000
0x000070000d6b5800:   0000000000000064 00007fabba66b258
0x000070000d6b5810:   000070000d6b5870 000000010d5ac488
0x000070000d6b5820:   000070000d6b5940 000000010e65293c
0x000070000d6b5830:   0000000000000001 00007fabba66c2c0
0x000070000d6b5840:   0000000740c26800 00007fabbb9c5000
0x000070000d6b5850:   00007fabbb9c5000 0000000121dc4a00
0x000070000d6b5860:   000070000d6b5968 00007fabbb9c5000
0x000070000d6b5870:   000070000d6b58c0 000000010e525f68
0x000070000d6b5880:   0000000740c267b0 000000010e53eda6
0x000070000d6b5890:   000070000d6b5940 000000010e65239c
0x000070000d6b58a0:   0000000129e5361c 000070000d6b58e8
0x000070000d6b58b0:   0000000129e53698 0000000000000000
0x000070000d6b58c0:   000070000d6b5940 000000010e20b2bd
0x000070000d6b58d0:   000070000d6b5940 000000010e20b2bd
0x000070000d6b58e0:   000000010e20b2bd 0000000740c267b0
0x000070000d6b58f0:   0000000000000001 0000000740c26888
0x000070000d6b5900:   000070000d6b58f0 00000001222b8551
0x000070000d6b5910:   000070000d6b5968 00000001222b8dd8
0x000070000d6b5920:   0000000000000000 00000001222b8658 

Instructions: (pc=0x00000001253aa45f)
0x00000001253aa43f:   c0 e9 82 00 00 00 48 8b 5e 10 48 85 db 75 0e bf
0x00000001253aa44f:   01 00 00 00 48 8d 15 67 7b 03 00 eb d6 49 89 fe
0x00000001253aa45f:   4c 8b 3b 30 c0 e8 21 a6 02 00 49 8b 3f 49 89 c4
0x00000001253aa46f:   48 8b 35 aa 02 06 00 30 c0 e8 6f a7 02 00 48 85 

Register to memory mapping:

RAX=0x00000000ffffffff is an unknown value
RBX=0x0000000000000002 is an unknown value
RCX=0x0000000000000047 is an unknown value
RDX=0x00000001253cb258: Java_sun_java2d_opengl_OGLRenderQueue_flushBuffer+0xb5c in /Library/Java/JavaVirtualMachines/jdk1.8.0_151.jdk/Contents/Home/jre/lib/libawt_lwawt.dylib at 0x000000012538e000
RSP=0x000070000d6b5730 is pointing into the stack for thread: 0x00007fabbb9c5000
RBP=0x000070000d6b5750 is pointing into the stack for thread: 0x00007fabbb9c5000
RSI=0x00007fabba7a72c0 is an unknown value
RDI=0x00007fabbb9c51f8 is an unknown value
R8 =0x0000000000000a2c is an unknown value
R9 =0xffffffff00000000 is an unknown value
R10=0x000000010e5cb978 is at entry_point+56 in (nmethod*)0x000000010e5cb7d0
R11=0x000000010e652340 is at entry_point+0 in (nmethod*)0x000000010e6521d0
R12=0x0000000000000000 is an unknown value
R13=0x000070000d6b58e8 is pointing into the stack for thread: 0x00007fabbb9c5000
R14=0x00007fabbb9c51f8 is an unknown value
R15=0x00007fabbb9c5000 is a thread


Stack: [0x000070000d5b6000,0x000070000d6b6000],  sp=0x000070000d6b5730,  free space=1021k
Native frames: (J=compiled Java code, j=interpreted, Vv=VM code, C=native code)
C  [libawt_lwawt.dylib+0x1c45f]  OGLSD_SetScratchSurface+0x49
C  [libawt_lwawt.dylib+0x3cd36]  Java_sun_java2d_opengl_OGLRenderQueue_flushBuffer+0x63a
J 1254  sun.java2d.opengl.OGLRenderQueue.flushBuffer(JI)V (0 bytes) @ 0x000000010e5cb9ea [0x000000010e5cb940+0xaa]
J 1399 C1 sun.java2d.opengl.OGLRenderQueue.flushBuffer()V (41 bytes) @ 0x000000010e65293c [0x000000010e6526e0+0x25c]
J 1398 C1 sun.java2d.opengl.OGLRenderQueue.access$100(Lsun/java2d/opengl/OGLRenderQueue;)V (5 bytes) @ 0x000000010e65239c [0x000000010e652340+0x5c]
j  sun.java2d.opengl.OGLRenderQueue$QueueFlusher.run()V+81
v  ~StubRoutines::call_stub
V  [libjvm.dylib+0x2ee9aa]  JavaCalls::call_helper(JavaValue*, methodHandle*, JavaCallArguments*, Thread*)+0x6ae
V  [libjvm.dylib+0x2ef14e]  JavaCalls::call_virtual(JavaValue*, KlassHandle, Symbol*, Symbol*, JavaCallArguments*, Thread*)+0x164
V  [libjvm.dylib+0x2ef2fa]  JavaCalls::call_virtual(JavaValue*, Handle, KlassHandle, Symbol*, Symbol*, Thread*)+0x4a
V  [libjvm.dylib+0x349a51]  thread_entry(JavaThread*, Thread*)+0x7c
V  [libjvm.dylib+0x56c173]  JavaThread::thread_main_inner()+0x9b
V  [libjvm.dylib+0x56d860]  JavaThread::run()+0x1c2
V  [libjvm.dylib+0x48bbb2]  java_start(Thread*)+0xf6
C  [libsystem_pthread.dylib+0x36c1]  _pthread_body+0x154
C  [libsystem_pthread.dylib+0x356d]  _pthread_body+0x0
C  [libsystem_pthread.dylib+0x2c5d]  thread_start+0xd
C  0x0000000000000000

Java frames: (J=compiled Java code, j=interpreted, Vv=VM code)
J 1254  sun.java2d.opengl.OGLRenderQueue.flushBuffer(JI)V (0 bytes) @ 0x000000010e5cb978 [0x000000010e5cb940+0x38]
J 1399 C1 sun.java2d.opengl.OGLRenderQueue.flushBuffer()V (41 bytes) @ 0x000000010e65293c [0x000000010e6526e0+0x25c]
J 1398 C1 sun.java2d.opengl.OGLRenderQueue.access$100(Lsun/java2d/opengl/OGLRenderQueue;)V (5 bytes) @ 0x000000010e65239c [0x000000010e652340+0x5c]
j  sun.java2d.opengl.OGLRenderQueue$QueueFlusher.run()V+81
v  ~StubRoutines::call_stub

---------------  P R O C E S S  ---------------

Java Threads: ( => current thread )
  0x00007fabc10d5800 JavaThread "DestroyJavaVM" [_thread_blocked, id=5891, stack(0x000070000c500000,0x000070000c600000)]
  0x00007fabc11c2000 JavaThread "Thread-0" [_thread_blocked, id=69923, stack(0x000070000dbcb000,0x000070000dccb000)]
  0x00007fabbba15000 JavaThread "AWT-EventQueue-0" [_thread_blocked, id=50951, stack(0x000070000d8bf000,0x000070000d9bf000)]
  0x00007fabbc12e000 JavaThread "TimerQueue" daemon [_thread_blocked, id=79891, stack(0x000070000d7bc000,0x000070000d8bc000)]
  0x00007fabbc0e9000 JavaThread "Java2D Disposer" daemon [_thread_blocked, id=80143, stack(0x000070000d6b9000,0x000070000d7b9000)]
=>0x00007fabbb9c5000 JavaThread "Java2D Queue Flusher" daemon [_thread_in_native, id=49159, stack(0x000070000d5b6000,0x000070000d6b6000)]
  0x00007fabbc0cc800 JavaThread "AWT-Shutdown" [_thread_blocked, id=39723, stack(0x000070000d32a000,0x000070000d42a000)]
  0x00007fabbc0b2000 JavaThread "AppKit Thread" daemon [_thread_in_native, id=775, stack(0x00007ffee2e43000,0x00007ffee3643000)]
  0x00007fabbc00c800 JavaThread "Service Thread" daemon [_thread_blocked, id=17667, stack(0x000070000d124000,0x000070000d224000)]
  0x00007fabba843000 JavaThread "C1 CompilerThread2" daemon [_thread_blocked, id=14083, stack(0x000070000d021000,0x000070000d121000)]
  0x00007fabba832000 JavaThread "C2 CompilerThread1" daemon [_thread_blocked, id=18179, stack(0x000070000cf1e000,0x000070000d01e000)]
  0x00007fabba817000 JavaThread "C2 CompilerThread0" daemon [_thread_blocked, id=13827, stack(0x000070000ce1b000,0x000070000cf1b000)]
  0x00007fabba816000 JavaThread "Signal Dispatcher" daemon [_thread_blocked, id=18699, stack(0x000070000cd18000,0x000070000ce18000)]
  0x00007fabbc012000 JavaThread "Finalizer" daemon [_thread_blocked, id=20739, stack(0x000070000cc15000,0x000070000cd15000)]
  0x00007fabbb83a000 JavaThread "Reference Handler" daemon [_thread_blocked, id=20995, stack(0x000070000cb12000,0x000070000cc12000)]

Other Threads:
  0x00007fabba821800 VMThread [stack: 0x000070000ca0f000,0x000070000cb0f000] [id=21251]
  0x00007fabba808800 WatcherThread [stack: 0x000070000d227000,0x000070000d327000] [id=14851]

VM state:not at safepoint (normal execution)

VM Mutex/Monitor currently owned by a thread: None

Heap:
 PSYoungGen      total 38400K, used 2838K [0x0000000795580000, 0x0000000798000000, 0x00000007c0000000)
  eden space 33280K, 0% used [0x0000000795580000,0x000000079559a080,0x0000000797600000)
  from space 5120K, 53% used [0x0000000797600000,0x00000007978abb60,0x0000000797b00000)
  to   space 5120K, 0% used [0x0000000797b00000,0x0000000797b00000,0x0000000798000000)
 ParOldGen       total 60928K, used 16841K [0x0000000740000000, 0x0000000743b80000, 0x0000000795580000)
  object space 60928K, 27% used [0x0000000740000000,0x0000000741072580,0x0000000743b80000)
 Metaspace       used 21159K, capacity 21676K, committed 21936K, reserved 1069056K
  class space    used 2494K, capacity 2650K, committed 2736K, reserved 1048576K

Card table byte_map: [0x000000011d5c3000,0x000000011d9c4000] byte_map_base: 0x0000000119bc3000

Marking Bits: (ParMarkBitMap*) 0x000000010db4f5d0
 Begin Bits: [0x000000011d9c4000, 0x000000011f9c4000)
 End Bits:   [0x000000011f9c4000, 0x00000001219c4000)

Polling page: 0x000000010c5f6000

CodeCache: size=245760Kb used=8995Kb max_used=8995Kb free=236764Kb
 bounds [0x000000010e203000, 0x000000010eae3000, 0x000000011d203000]
 total_blobs=3417 nmethods=2757 adapters=571
 compilation: enabled

Compilation events (10 events):
Event: 3417,152 Thread 0x00007fabba843000 3038       3       apple.laf.JRSUIControl::<init> (59 bytes)
Event: 3417,152 Thread 0x00007fabba843000 nmethod 3038 0x000000010eacedd0 code [0x000000010eacefa0, 0x000000010eacf5d8]
Event: 3417,172 Thread 0x00007fabba843000 3039   !   3       java.awt.Container::addNotify (81 bytes)
Event: 3417,173 Thread 0x00007fabba843000 nmethod 3039 0x000000010eacdd90 code [0x000000010eacdf80, 0x000000010eace9a8]
Event: 3417,173 Thread 0x00007fabba843000 3040   !   3       java.awt.Component::addNotify (434 bytes)
Event: 3417,178 Thread 0x00007fabba843000 nmethod 3040 0x000000010ead0590 code [0x000000010ead0900, 0x000000010ead3008]
Event: 3417,178 Thread 0x00007fabba843000 3042       3       javax.swing.tree.VariableHeightLayoutCache$TreeStateNode::getNodeBounds (65 bytes)
Event: 3417,180 Thread 0x00007fabba843000 nmethod 3042 0x000000010ead3e50 code [0x000000010ead4140, 0x000000010ead55d8]
Event: 3417,180 Thread 0x00007fabba843000 3041       3       java.awt.geom.AffineTransform::hashCode (87 bytes)
Event: 3417,182 Thread 0x00007fabba843000 nmethod 3041 0x000000010ead6110 code [0x000000010ead62c0, 0x000000010ead6b70]

GC Heap History (8 events):
Event: 42,060 GC heap before
{Heap before GC invocations=1 (full 0):
 PSYoungGen      total 38400K, used 33280K [0x0000000795580000, 0x0000000798000000, 0x00000007c0000000)
  eden space 33280K, 100% used [0x0000000795580000,0x0000000797600000,0x0000000797600000)
  from space 5120K, 0% used [0x0000000797b00000,0x0000000797b00000,0x0000000798000000)
  to   space 5120K, 0% used [0x0000000797600000,0x0000000797600000,0x0000000797b00000)
 ParOldGen       total 87552K, used 0K [0x0000000740000000, 0x0000000745580000, 0x0000000795580000)
  object space 87552K, 0% used [0x0000000740000000,0x0000000740000000,0x0000000745580000)
 Metaspace       used 15405K, capacity 15852K, committed 16000K, reserved 1062912K
  class space    used 2003K, capacity 2120K, committed 2176K, reserved 1048576K
Event: 42,070 GC heap after
Heap after GC invocations=1 (full 0):
 PSYoungGen      total 38400K, used 5098K [0x0000000795580000, 0x0000000798000000, 0x00000007c0000000)
  eden space 33280K, 0% used [0x0000000795580000,0x0000000795580000,0x0000000797600000)
  from space 5120K, 99% used [0x0000000797600000,0x0000000797afa920,0x0000000797b00000)
  to   space 5120K, 0% used [0x0000000797b00000,0x0000000797b00000,0x0000000798000000)
 ParOldGen       total 87552K, used 7628K [0x0000000740000000, 0x0000000745580000, 0x0000000795580000)
  object space 87552K, 8% used [0x0000000740000000,0x00000007407730a8,0x0000000745580000)
 Metaspace       used 15405K, capacity 15852K, committed 16000K, reserved 1062912K
  class space    used 2003K, capacity 2120K, committed 2176K, reserved 1048576K
}
Event: 67,025 GC heap before
{Heap before GC invocations=2 (full 0):
 PSYoungGen      total 38400K, used 34918K [0x0000000795580000, 0x0000000798000000, 0x00000007c0000000)
  eden space 33280K, 89% used [0x0000000795580000,0x000000079729f248,0x0000000797600000)
  from space 5120K, 99% used [0x0000000797600000,0x0000000797afa920,0x0000000797b00000)
  to   space 5120K, 0% used [0x0000000797b00000,0x0000000797b00000,0x0000000798000000)
 ParOldGen       total 87552K, used 7628K [0x0000000740000000, 0x0000000745580000, 0x0000000795580000)
  object space 87552K, 8% used [0x0000000740000000,0x00000007407730a8,0x0000000745580000)
 Metaspace       used 20798K, capacity 21228K, committed 21296K, reserved 1069056K
  class space    used 2462K, capacity 2586K, committed 2608K, reserved 1048576K
Event: 67,040 GC heap after
Heap after GC invocations=2 (full 0):
 PSYoungGen      total 38400K, used 5111K [0x0000000795580000, 0x0000000798000000, 0x00000007c0000000)
  eden space 33280K, 0% used [0x0000000795580000,0x0000000795580000,0x0000000797600000)
  from space 5120K, 99% used [0x0000000797b00000,0x0000000797ffdc08,0x0000000798000000)
  to   space 5120K, 0% used [0x0000000797600000,0x0000000797600000,0x0000000797b00000)
 ParOldGen       total 87552K, used 17602K [0x0000000740000000, 0x0000000745580000, 0x0000000795580000)
  object space 87552K, 20% used [0x0000000740000000,0x0000000741130840,0x0000000745580000)
 Metaspace       used 20798K, capacity 21228K, committed 21296K, reserved 1069056K
  class space    used 2462K, capacity 2586K, committed 2608K, reserved 1048576K
}
Event: 67,040 GC heap before
{Heap before GC invocations=3 (full 1):
 PSYoungGen      total 38400K, used 5111K [0x0000000795580000, 0x0000000798000000, 0x00000007c0000000)
  eden space 33280K, 0% used [0x0000000795580000,0x0000000795580000,0x0000000797600000)
  from space 5120K, 99% used [0x0000000797b00000,0x0000000797ffdc08,0x0000000798000000)
  to   space 5120K, 0% used [0x0000000797600000,0x0000000797600000,0x0000000797b00000)
 ParOldGen       total 87552K, used 17602K [0x0000000740000000, 0x0000000745580000, 0x0000000795580000)
  object space 87552K, 20% used [0x0000000740000000,0x0000000741130840,0x0000000745580000)
 Metaspace       used 20798K, capacity 21228K, committed 21296K, reserved 1069056K
  class space    used 2462K, capacity 2586K, committed 2608K, reserved 1048576K
Event: 67,083 GC heap after
Heap after GC invocations=3 (full 1):
 PSYoungGen      total 38400K, used 0K [0x0000000795580000, 0x0000000798000000, 0x00000007c0000000)
  eden space 33280K, 0% used [0x0000000795580000,0x0000000795580000,0x0000000797600000)
  from space 5120K, 0% used [0x0000000797b00000,0x0000000797b00000,0x0000000798000000)
  to   space 5120K, 0% used [0x0000000797600000,0x0000000797600000,0x0000000797b00000)
 ParOldGen       total 60928K, used 16833K [0x0000000740000000, 0x0000000743b80000, 0x0000000795580000)
  object space 60928K, 27% used [0x0000000740000000,0x0000000741070580,0x0000000743b80000)
 Metaspace       used 20798K, capacity 21228K, committed 21296K, reserved 1069056K
  class space    used 2462K, capacity 2586K, committed 2608K, reserved 1048576K
}
Event: 3810,237 GC heap before
{Heap before GC invocations=4 (full 1):
 PSYoungGen      total 38400K, used 33280K [0x0000000795580000, 0x0000000798000000, 0x00000007c0000000)
  eden space 33280K, 100% used [0x0000000795580000,0x0000000797600000,0x0000000797600000)
  from space 5120K, 0% used [0x0000000797b00000,0x0000000797b00000,0x0000000798000000)
  to   space 5120K, 0% used [0x0000000797600000,0x0000000797600000,0x0000000797b00000)
 ParOldGen       total 60928K, used 16833K [0x0000000740000000, 0x0000000743b80000, 0x0000000795580000)
  object space 60928K, 27% used [0x0000000740000000,0x0000000741070580,0x0000000743b80000)
 Metaspace       used 21159K, capacity 21676K, committed 21936K, reserved 1069056K
  class space    used 2494K, capacity 2650K, committed 2736K, reserved 1048576K
Event: 3810,266 GC heap after
Heap after GC invocations=4 (full 1):
 PSYoungGen      total 38400K, used 2734K [0x0000000795580000, 0x0000000798000000, 0x00000007c0000000)
  eden space 33280K, 0% used [0x0000000795580000,0x0000000795580000,0x0000000797600000)
  from space 5120K, 53% used [0x0000000797600000,0x00000007978abb60,0x0000000797b00000)
  to   space 5120K, 0% used [0x0000000797b00000,0x0000000797b00000,0x0000000798000000)
 ParOldGen       total 60928K, used 16841K [0x0000000740000000, 0x0000000743b80000, 0x0000000795580000)
  object space 60928K, 27% used [0x0000000740000000,0x0000000741072580,0x0000000743b80000)
 Metaspace       used 21159K, capacity 21676K, committed 21936K, reserved 1069056K
  class space    used 2494K, capacity 2650K, committed 2736K, reserved 1048576K
}

Deoptimization events (10 events):
Event: 66,988 Thread 0x00007fabbba15000 Uncommon trap: reason=unstable_if action=reinterpret pc=0x000000010e5f500c method=java.util.HashMap.getNode(ILjava/lang/Object;)Ljava/util/HashMap$Node; @ 62
Event: 66,988 Thread 0x00007fabbba15000 Uncommon trap: reason=class_check action=maybe_recompile pc=0x000000010e860bac method=java.util.HashMap.putVal(ILjava/lang/Object;Ljava/lang/Object;ZZ)Ljava/lang/Object; @ 91
Event: 66,991 Thread 0x00007fabbba15000 Uncommon trap: reason=unstable_if action=reinterpret pc=0x000000010e5ce9a0 method=java.util.HashMap.getNode(ILjava/lang/Object;)Ljava/util/HashMap$Node; @ 62
Event: 68,178 Thread 0x00007fabbba15000 Uncommon trap: reason=class_check action=maybe_recompile pc=0x000000010e9df8f4 method=java.awt.EventQueue.coalesceEvent(Ljava/awt/AWTEvent;I)Z @ 77
Event: 68,185 Thread 0x00007fabbba15000 Uncommon trap: reason=class_check action=maybe_recompile pc=0x000000010e9df8f4 method=java.awt.EventQueue.coalesceEvent(Ljava/awt/AWTEvent;I)Z @ 77
Event: 68,217 Thread 0x00007fabbba15000 Uncommon trap: reason=class_check action=maybe_recompile pc=0x000000010e9df8f4 method=java.awt.EventQueue.coalesceEvent(Ljava/awt/AWTEvent;I)Z @ 77
Event: 68,226 Thread 0x00007fabbba15000 Uncommon trap: reason=class_check action=maybe_recompile pc=0x000000010e9df8f4 method=java.awt.EventQueue.coalesceEvent(Ljava/awt/AWTEvent;I)Z @ 77
Event: 1839,479 Thread 0x00007fabbba15000 Uncommon trap: reason=unstable_if action=reinterpret pc=0x000000010e6f47cc method=sun.java2d.SunGraphics2D.getCompClip()Lsun/java2d/pipe/Region; @ 7
Event: 1839,495 Thread 0x00007fabbba15000 Uncommon trap: reason=unstable_if action=reinterpret pc=0x000000010e899edc method=javax.swing.JComponent.fetchRectangle()Ljava/awt/Rectangle; @ 16
Event: 3267,257 Thread 0x00007fabbba15000 Uncommon trap: reason=unstable_if action=reinterpret pc=0x000000010e8c0144 method=sun.java2d.pipe.BufferedContext.validate(Lsun/java2d/pipe/hw/AccelSurface;Lsun/java2d/pipe/hw/AccelSurface;Lsun/java2d/pipe/Region;Ljava/awt/Composite;Ljava/awt/geom/AffineT

Internal exceptions (10 events):
Event: 0,441 Thread 0x00007fabbb805000 Exception <a 'java/io/FileNotFoundException'> (0x0000000795882c90) thrown at [/Users/java_re/workspace/8-2-build-macosx-x86_64/jdk8u151/9699/hotspot/src/share/vm/prims/jni.cpp, line 709]
Event: 0,442 Thread 0x00007fabbb805000 Exception <a 'java/io/FileNotFoundException'> (0x0000000795883838) thrown at [/Users/java_re/workspace/8-2-build-macosx-x86_64/jdk8u151/9699/hotspot/src/share/vm/prims/jni.cpp, line 709]
Event: 2,572 Thread 0x00007fabbb805000 Exception <a 'java/lang/NoSuchMethodError': <clinit>> (0x0000000795fbe400) thrown at [/Users/java_re/workspace/8-2-build-macosx-x86_64/jdk8u151/9699/hotspot/src/share/vm/prims/jni.cpp, line 1613]
Event: 42,072 Thread 0x00007fabbc012000 Exception <a 'java/lang/NullPointerException'> (0x0000000795706ac8) thrown at [/Users/java_re/workspace/8-2-build-macosx-x86_64/jdk8u151/9699/hotspot/src/share/vm/interpreter/linkResolver.cpp, line 1183]
Event: 42,074 Thread 0x00007fabbc012000 Exception <a 'java/lang/NullPointerException'> (0x0000000795706d78) thrown at [/Users/java_re/workspace/8-2-build-macosx-x86_64/jdk8u151/9699/hotspot/src/share/vm/interpreter/linkResolver.cpp, line 1183]
Event: 55,081 Thread 0x00007fabbba15000 Implicit null exception at 0x000000010e80f827 to 0x000000010e814c89
Event: 61,315 Thread 0x00007fabbba15000 Implicit null exception at 0x000000010e77eb55 to 0x000000010e77ec01
Event: 61,654 Thread 0x00007fabbba15000 Implicit null exception at 0x000000010e874571 to 0x000000010e874977
Event: 61,802 Thread 0x00007fabc10d5800 Implicit null exception at 0x000000010e72c978 to 0x000000010e72cb69
Event: 66,978 Thread 0x00007fabbba15000 Implicit null exception at 0x000000010e5d4dd2 to 0x000000010e5d52a1

Events (10 events):
Event: 1839,480 loading class sun/awt/image/BufferedImageDevice
Event: 1839,480 loading class sun/awt/image/BufferedImageDevice done
Event: 1839,495 Thread 0x00007fabbba15000 Uncommon trap: trap_request=0xffffff65 fr.pc=0x000000010e899edc
Event: 1839,495 Thread 0x00007fabbba15000 DEOPT PACKING pc=0x000000010e899edc sp=0x000070000d9bb730
Event: 1839,496 Thread 0x00007fabbba15000 DEOPT UNPACKING pc=0x000000010e208229 sp=0x000070000d9bb670 mode 2
Event: 3267,257 Thread 0x00007fabbba15000 Uncommon trap: trap_request=0xffffff65 fr.pc=0x000000010e8c0144
Event: 3267,257 Thread 0x00007fabbba15000 DEOPT PACKING pc=0x000000010e8c0144 sp=0x000070000d9bb130
Event: 3267,257 Thread 0x00007fabbba15000 DEOPT UNPACKING pc=0x000000010e208229 sp=0x000070000d9bb0d0 mode 2
Event: 3810,237 Executing VM operation: ParallelGCFailedAllocation
Event: 3810,266 Executing VM operation: ParallelGCFailedAllocation done


Dynamic libraries:
0x000000000808b000 	/System/Library/Frameworks/Cocoa.framework/Versions/A/Cocoa
0x000000000808b000 	/System/Library/Frameworks/Security.framework/Versions/A/Security
0x000000000808b000 	/System/Library/Frameworks/ApplicationServices.framework/Versions/A/ApplicationServices
0x000000000808b000 	/usr/lib/libz.1.dylib
0x000000000808b000 	/usr/lib/libSystem.B.dylib
0x000000000808b000 	/usr/lib/libobjc.A.dylib
0x000000000808b000 	/System/Library/Frameworks/CoreFoundation.framework/Versions/A/CoreFoundation
0x000000000808b000 	/System/Library/Frameworks/Foundation.framework/Versions/C/Foundation
0x000000000808b000 	/System/Library/Frameworks/AppKit.framework/Versions/C/AppKit
0x000000000808b000 	/System/Library/Frameworks/CoreData.framework/Versions/A/CoreData
0x000000000808b000 	/System/Library/PrivateFrameworks/RemoteViewServices.framework/Versions/A/RemoteViewServices
0x000000000808b000 	/System/Library/PrivateFrameworks/UIFoundation.framework/Versions/A/UIFoundation
0x000000000808b000 	/System/Library/PrivateFrameworks/DFRFoundation.framework/Versions/A/DFRFoundation
0x000000000808b000 	/System/Library/Frameworks/Metal.framework/Versions/A/Metal
0x000000000808b000 	/System/Library/PrivateFrameworks/DesktopServicesPriv.framework/Versions/A/DesktopServicesPriv
0x000000000808b000 	/usr/lib/libenergytrace.dylib
0x000000000808b000 	/System/Library/PrivateFrameworks/SkyLight.framework/Versions/A/SkyLight
0x000000000808b000 	/System/Library/Frameworks/CoreGraphics.framework/Versions/A/CoreGraphics
0x000000000808b000 	/usr/lib/libScreenReader.dylib
0x000000000808b000 	/System/Library/Frameworks/Accelerate.framework/Versions/A/Accelerate
0x000000000808b000 	/System/Library/Frameworks/IOSurface.framework/Versions/A/IOSurface
0x000000000808b000 	/System/Library/Frameworks/AudioToolbox.framework/Versions/A/AudioToolbox
0x000000000808b000 	/System/Library/Frameworks/AudioUnit.framework/Versions/A/AudioUnit
0x000000000808b000 	/System/Library/PrivateFrameworks/DataDetectorsCore.framework/Versions/A/DataDetectorsCore
0x000000000808b000 	/System/Library/Frameworks/Carbon.framework/Versions/A/Frameworks/HIToolbox.framework/Versions/A/HIToolbox
0x000000000808b000 	/usr/lib/libicucore.A.dylib
0x000000000808b000 	/System/Library/Frameworks/QuartzCore.framework/Versions/A/QuartzCore
0x000000000808b000 	/System/Library/Frameworks/Carbon.framework/Versions/A/Frameworks/SpeechRecognition.framework/Versions/A/SpeechRecognition
0x000000000808b000 	/usr/lib/libauto.dylib
0x000000000808b000 	/usr/lib/libxml2.2.dylib
0x000000000808b000 	/System/Library/PrivateFrameworks/CoreUI.framework/Versions/A/CoreUI
0x000000000808b000 	/System/Library/Frameworks/CoreAudio.framework/Versions/A/CoreAudio
0x000000000808b000 	/System/Library/Frameworks/DiskArbitration.framework/Versions/A/DiskArbitration
0x000000000808b000 	/usr/lib/liblangid.dylib
0x000000000808b000 	/System/Library/PrivateFrameworks/MultitouchSupport.framework/Versions/A/MultitouchSupport
0x000000000808b000 	/System/Library/Frameworks/IOKit.framework/Versions/A/IOKit
0x000000000808b000 	/usr/lib/libDiagnosticMessagesClient.dylib
0x000000000808b000 	/System/Library/Frameworks/CoreServices.framework/Versions/A/CoreServices
0x000000000808b000 	/System/Library/PrivateFrameworks/PerformanceAnalysis.framework/Versions/A/PerformanceAnalysis
0x000000000808b000 	/System/Library/Frameworks/OpenGL.framework/Versions/A/OpenGL
0x000000000808b000 	/System/Library/Frameworks/ColorSync.framework/Versions/A/ColorSync
0x000000000808b000 	/System/Library/Frameworks/CoreImage.framework/Versions/A/CoreImage
0x000000000808b000 	/System/Library/Frameworks/CoreText.framework/Versions/A/CoreText
0x000000000808b000 	/System/Library/Frameworks/ImageIO.framework/Versions/A/ImageIO
0x000000000808b000 	/System/Library/PrivateFrameworks/Backup.framework/Versions/A/Backup
0x000000000808b000 	/usr/lib/libarchive.2.dylib
0x000000000808b000 	/System/Library/Frameworks/CFNetwork.framework/Versions/A/CFNetwork
0x000000000808b000 	/System/Library/Frameworks/SystemConfiguration.framework/Versions/A/SystemConfiguration
0x000000000808b000 	/usr/lib/libCRFSuite.dylib
0x000000000808b000 	/usr/lib/libc++.1.dylib
0x000000000808b000 	/usr/lib/libc++abi.dylib
0x000000000808b000 	/usr/lib/system/libcache.dylib
0x000000000808b000 	/usr/lib/system/libcommonCrypto.dylib
0x000000000808b000 	/usr/lib/system/libcompiler_rt.dylib
0x000000000808b000 	/usr/lib/system/libcopyfile.dylib
0x000000000808b000 	/usr/lib/system/libcorecrypto.dylib
0x000000000808b000 	/usr/lib/system/libdispatch.dylib
0x000000000808b000 	/usr/lib/system/libdyld.dylib
0x000000000808b000 	/usr/lib/system/libkeymgr.dylib
0x000000000808b000 	/usr/lib/system/liblaunch.dylib
0x000000000808b000 	/usr/lib/system/libmacho.dylib
0x000000000808b000 	/usr/lib/system/libquarantine.dylib
0x000000000808b000 	/usr/lib/system/libremovefile.dylib
0x000000000808b000 	/usr/lib/system/libsystem_asl.dylib
0x000000000808b000 	/usr/lib/system/libsystem_blocks.dylib
0x000000000808b000 	/usr/lib/system/libsystem_c.dylib
0x000000000808b000 	/usr/lib/system/libsystem_configuration.dylib
0x000000000808b000 	/usr/lib/system/libsystem_coreservices.dylib
0x000000000808b000 	/usr/lib/system/libsystem_darwin.dylib
0x000000000808b000 	/usr/lib/system/libsystem_dnssd.dylib
0x000000000808b000 	/usr/lib/system/libsystem_info.dylib
0x000000000808b000 	/usr/lib/system/libsystem_m.dylib
0x000000000808b000 	/usr/lib/system/libsystem_malloc.dylib
0x000000000808b000 	/usr/lib/system/libsystem_network.dylib
0x000000000808b000 	/usr/lib/system/libsystem_networkextension.dylib
0x000000000808b000 	/usr/lib/system/libsystem_notify.dylib
0x000000000808b000 	/usr/lib/system/libsystem_sandbox.dylib
0x000000000808b000 	/usr/lib/system/libsystem_secinit.dylib
0x000000000808b000 	/usr/lib/system/libsystem_kernel.dylib
0x000000000808b000 	/usr/lib/system/libsystem_platform.dylib
0x000000000808b000 	/usr/lib/system/libsystem_pthread.dylib
0x000000000808b000 	/usr/lib/system/libsystem_symptoms.dylib
0x000000000808b000 	/usr/lib/system/libsystem_trace.dylib
0x000000000808b000 	/usr/lib/system/libunwind.dylib
0x000000000808b000 	/usr/lib/system/libxpc.dylib
0x000000000808b000 	/usr/lib/closure/libclosured.dylib
0x000000000808b000 	/usr/lib/libbsm.0.dylib
0x000000000808b000 	/usr/lib/system/libkxld.dylib
0x000000000808b000 	/usr/lib/libOpenScriptingUtil.dylib
0x000000000808b000 	/usr/lib/libcoretls.dylib
0x000000000808b000 	/usr/lib/libcoretls_cfhelpers.dylib
0x000000000808b000 	/usr/lib/libpam.2.dylib
0x000000000808b000 	/usr/lib/libsqlite3.dylib
0x000000000808b000 	/usr/lib/libxar.1.dylib
0x000000000808b000 	/usr/lib/libbz2.1.0.dylib
0x000000000808b000 	/usr/lib/liblzma.5.dylib
0x000000000808b000 	/usr/lib/libnetwork.dylib
0x000000000808b000 	/usr/lib/libapple_nghttp2.dylib
0x000000000808b000 	/usr/lib/libpcap.A.dylib
0x000000000808b000 	/usr/lib/libboringssl.dylib
0x000000000808b000 	/usr/lib/libusrtcp.dylib
0x000000000808b000 	/usr/lib/libapple_crypto.dylib
0x000000000808b000 	/System/Library/Frameworks/CoreServices.framework/Versions/A/Frameworks/FSEvents.framework/Versions/A/FSEvents
0x000000000808b000 	/System/Library/Frameworks/CoreServices.framework/Versions/A/Frameworks/CarbonCore.framework/Versions/A/CarbonCore
0x000000000808b000 	/System/Library/Frameworks/CoreServices.framework/Versions/A/Frameworks/Metadata.framework/Versions/A/Metadata
0x000000000808b000 	/System/Library/Frameworks/CoreServices.framework/Versions/A/Frameworks/OSServices.framework/Versions/A/OSServices
0x000000000808b000 	/System/Library/Frameworks/CoreServices.framework/Versions/A/Frameworks/SearchKit.framework/Versions/A/SearchKit
0x000000000808b000 	/System/Library/Frameworks/CoreServices.framework/Versions/A/Frameworks/AE.framework/Versions/A/AE
0x000000000808b000 	/System/Library/Frameworks/CoreServices.framework/Versions/A/Frameworks/LaunchServices.framework/Versions/A/LaunchServices
0x000000000808b000 	/System/Library/Frameworks/CoreServices.framework/Versions/A/Frameworks/DictionaryServices.framework/Versions/A/DictionaryServices
0x000000000808b000 	/System/Library/Frameworks/CoreServices.framework/Versions/A/Frameworks/SharedFileList.framework/Versions/A/SharedFileList
0x000000000808b000 	/System/Library/Frameworks/NetFS.framework/Versions/A/NetFS
0x000000000808b000 	/System/Library/PrivateFrameworks/NetAuth.framework/Versions/A/NetAuth
0x000000000808b000 	/System/Library/PrivateFrameworks/login.framework/Versions/A/Frameworks/loginsupport.framework/Versions/A/loginsupport
0x000000000808b000 	/System/Library/PrivateFrameworks/TCC.framework/Versions/A/TCC
0x000000000808b000 	/usr/lib/libmecabra.dylib
0x000000000808b000 	/System/Library/Frameworks/ApplicationServices.framework/Versions/A/Frameworks/ATS.framework/Versions/A/ATS
0x000000000808b000 	/System/Library/Frameworks/ApplicationServices.framework/Versions/A/Frameworks/ColorSyncLegacy.framework/Versions/A/ColorSyncLegacy
0x000000000808b000 	/System/Library/Frameworks/ApplicationServices.framework/Versions/A/Frameworks/HIServices.framework/Versions/A/HIServices
0x000000000808b000 	/System/Library/Frameworks/ApplicationServices.framework/Versions/A/Frameworks/LangAnalysis.framework/Versions/A/LangAnalysis
0x000000000808b000 	/System/Library/Frameworks/ApplicationServices.framework/Versions/A/Frameworks/PrintCore.framework/Versions/A/PrintCore
0x000000000808b000 	/System/Library/Frameworks/ApplicationServices.framework/Versions/A/Frameworks/QD.framework/Versions/A/QD
0x000000000808b000 	/System/Library/Frameworks/ApplicationServices.framework/Versions/A/Frameworks/SpeechSynthesis.framework/Versions/A/SpeechSynthesis
0x000000000808b000 	/System/Library/Frameworks/CoreDisplay.framework/Versions/A/CoreDisplay
0x000000000808b000 	/System/Library/Frameworks/Accelerate.framework/Versions/A/Frameworks/vImage.framework/Versions/A/vImage
0x000000000808b000 	/System/Library/Frameworks/Accelerate.framework/Versions/A/Frameworks/vecLib.framework/Versions/A/vecLib
0x000000000808b000 	/System/Library/Frameworks/Accelerate.framework/Versions/A/Frameworks/vecLib.framework/Versions/A/libvDSP.dylib
0x000000000808b000 	/System/Library/Frameworks/Accelerate.framework/Versions/A/Frameworks/vecLib.framework/Versions/A/libBNNS.dylib
0x000000000808b000 	/System/Library/Frameworks/Accelerate.framework/Versions/A/Frameworks/vecLib.framework/Versions/A/libQuadrature.dylib
0x000000000808b000 	/System/Library/Frameworks/Accelerate.framework/Versions/A/Frameworks/vecLib.framework/Versions/A/libvMisc.dylib
0x000000000808b000 	/System/Library/Frameworks/Accelerate.framework/Versions/A/Frameworks/vecLib.framework/Versions/A/libLAPACK.dylib
0x000000000808b000 	/System/Library/Frameworks/Accelerate.framework/Versions/A/Frameworks/vecLib.framework/Versions/A/libBLAS.dylib
0x000000000808b000 	/System/Library/Frameworks/Accelerate.framework/Versions/A/Frameworks/vecLib.framework/Versions/A/libLinearAlgebra.dylib
0x000000000808b000 	/System/Library/Frameworks/Accelerate.framework/Versions/A/Frameworks/vecLib.framework/Versions/A/libSparse.dylib
0x000000000808b000 	/System/Library/Frameworks/Accelerate.framework/Versions/A/Frameworks/vecLib.framework/Versions/A/libSparseBLAS.dylib
0x000000000808b000 	/System/Library/PrivateFrameworks/IOAccelerator.framework/Versions/A/IOAccelerator
0x000000000808b000 	/System/Library/PrivateFrameworks/IOPresentment.framework/Versions/A/IOPresentment
0x000000000808b000 	/System/Library/PrivateFrameworks/DSExternalDisplay.framework/Versions/A/DSExternalDisplay
0x000000000808b000 	/System/Library/Frameworks/OpenGL.framework/Versions/A/Libraries/libCoreFSCache.dylib
0x000000000808b000 	/System/Library/Frameworks/CoreVideo.framework/Versions/A/CoreVideo
0x000000000808b000 	/System/Library/PrivateFrameworks/GraphVisualizer.framework/Versions/A/GraphVisualizer
0x000000000808b000 	/System/Library/Frameworks/MetalPerformanceShaders.framework/Versions/A/MetalPerformanceShaders
0x000000000808b000 	/usr/lib/libFosl_dynamic.dylib
0x000000000808b000 	/System/Library/PrivateFrameworks/FaceCore.framework/Versions/A/FaceCore
0x000000000808b000 	/System/Library/Frameworks/OpenCL.framework/Versions/A/OpenCL
0x000000000808b000 	/usr/lib/libcompression.dylib
0x000000000808b000 	/System/Library/Frameworks/ApplicationServices.framework/Versions/A/Frameworks/ATS.framework/Versions/A/Resources/libFontParser.dylib
0x000000000808b000 	/System/Library/Frameworks/ApplicationServices.framework/Versions/A/Frameworks/ATS.framework/Versions/A/Resources/libFontRegistry.dylib
0x000000000808b000 	/System/Library/Frameworks/ImageIO.framework/Versions/A/Resources/libJPEG.dylib
0x000000000808b000 	/System/Library/Frameworks/ImageIO.framework/Versions/A/Resources/libTIFF.dylib
0x000000000808b000 	/System/Library/Frameworks/ImageIO.framework/Versions/A/Resources/libPng.dylib
0x000000000808b000 	/System/Library/Frameworks/ImageIO.framework/Versions/A/Resources/libGIF.dylib
0x000000000808b000 	/System/Library/Frameworks/ImageIO.framework/Versions/A/Resources/libJP2.dylib
0x000000000808b000 	/System/Library/Frameworks/ImageIO.framework/Versions/A/Resources/libRadiance.dylib
0x000000000808b000 	/System/Library/PrivateFrameworks/AppleJPEG.framework/Versions/A/AppleJPEG
0x000000000808b000 	/System/Library/PrivateFrameworks/MetalTools.framework/Versions/A/MetalTools
0x000000000808b000 	/System/Library/Frameworks/MetalPerformanceShaders.framework/Frameworks/MPSCore.framework/Versions/A/MPSCore
0x000000000808b000 	/System/Library/Frameworks/MetalPerformanceShaders.framework/Frameworks/MPSImage.framework/Versions/A/MPSImage
0x000000000808b000 	/System/Library/Frameworks/MetalPerformanceShaders.framework/Frameworks/MPSMatrix.framework/Versions/A/MPSMatrix
0x000000000808b000 	/System/Library/Frameworks/MetalPerformanceShaders.framework/Frameworks/MPSNeuralNetwork.framework/Versions/A/MPSNeuralNetwork
0x000000000808b000 	/System/Library/Frameworks/OpenGL.framework/Versions/A/Libraries/libGLU.dylib
0x000000000808b000 	/System/Library/Frameworks/OpenGL.framework/Versions/A/Libraries/libGFXShared.dylib
0x000000000808b000 	/System/Library/Frameworks/OpenGL.framework/Versions/A/Libraries/libGL.dylib
0x000000000808b000 	/System/Library/Frameworks/OpenGL.framework/Versions/A/Libraries/libGLImage.dylib
0x000000000808b000 	/System/Library/Frameworks/OpenGL.framework/Versions/A/Libraries/libCVMSPluginSupport.dylib
0x000000000808b000 	/System/Library/Frameworks/OpenGL.framework/Versions/A/Libraries/libCoreVMClient.dylib
0x000000000808b000 	/usr/lib/libcups.2.dylib
0x000000000808b000 	/System/Library/Frameworks/Kerberos.framework/Versions/A/Kerberos
0x000000000808b000 	/System/Library/Frameworks/GSS.framework/Versions/A/GSS
0x000000000808b000 	/usr/lib/libresolv.9.dylib
0x000000000808b000 	/usr/lib/libiconv.2.dylib
0x000000000808b000 	/System/Library/PrivateFrameworks/Heimdal.framework/Versions/A/Heimdal
0x000000000808b000 	/usr/lib/libheimdal-asn1.dylib
0x000000000808b000 	/System/Library/Frameworks/OpenDirectory.framework/Versions/A/OpenDirectory
0x000000000808b000 	/System/Library/PrivateFrameworks/CommonAuth.framework/Versions/A/CommonAuth
0x000000000808b000 	/System/Library/Frameworks/OpenDirectory.framework/Versions/A/Frameworks/CFOpenDirectory.framework/Versions/A/CFOpenDirectory
0x000000000808b000 	/System/Library/Frameworks/SecurityFoundation.framework/Versions/A/SecurityFoundation
0x000000000808b000 	/System/Library/PrivateFrameworks/APFS.framework/Versions/A/APFS
0x000000000808b000 	/usr/lib/libutil.dylib
0x000000000808b000 	/System/Library/PrivateFrameworks/AppleSauce.framework/Versions/A/AppleSauce
0x000000000808b000 	/System/Library/PrivateFrameworks/LinguisticData.framework/Versions/A/LinguisticData
0x000000000808b000 	/usr/lib/libmarisa.dylib
0x000000000808b000 	/System/Library/PrivateFrameworks/Lexicon.framework/Versions/A/Lexicon
0x000000000808b000 	/usr/lib/libChineseTokenizer.dylib
0x000000000808b000 	/usr/lib/libcmph.dylib
0x000000000808b000 	/System/Library/PrivateFrameworks/LanguageModeling.framework/Versions/A/LanguageModeling
0x000000000808b000 	/System/Library/PrivateFrameworks/CoreEmoji.framework/Versions/A/CoreEmoji
0x000000000808b000 	/System/Library/Frameworks/ServiceManagement.framework/Versions/A/ServiceManagement
0x000000000808b000 	/System/Library/PrivateFrameworks/BackgroundTaskManagement.framework/Versions/A/BackgroundTaskManagement
0x000000000808b000 	/usr/lib/libxslt.1.dylib
0x000000000808b000 	/System/Library/Frameworks/Carbon.framework/Versions/A/Frameworks/Ink.framework/Versions/A/Ink
0x000000000808b000 	/System/Library/PrivateFrameworks/TextureIO.framework/Versions/A/TextureIO
0x000000000808b000 	/usr/lib/libate.dylib
0x000000000808b000 	/System/Library/PrivateFrameworks/CrashReporterSupport.framework/Versions/A/CrashReporterSupport
0x000000000808b000 	/System/Library/PrivateFrameworks/Sharing.framework/Versions/A/Sharing
0x000000000808b000 	/System/Library/PrivateFrameworks/IconServices.framework/Versions/A/IconServices
0x000000000808b000 	/System/Library/PrivateFrameworks/ProtocolBuffer.framework/Versions/A/ProtocolBuffer
0x000000000808b000 	/System/Library/PrivateFrameworks/Apple80211.framework/Versions/A/Apple80211
0x000000000808b000 	/System/Library/Frameworks/CoreWLAN.framework/Versions/A/CoreWLAN
0x000000000808b000 	/System/Library/PrivateFrameworks/CoreUtils.framework/Versions/A/CoreUtils
0x000000000808b000 	/System/Library/Frameworks/IOBluetooth.framework/Versions/A/IOBluetooth
0x000000000808b000 	/System/Library/PrivateFrameworks/CoreWiFi.framework/Versions/A/CoreWiFi
0x000000000808b000 	/System/Library/Frameworks/CoreBluetooth.framework/Versions/A/CoreBluetooth
0x000000000808b000 	/System/Library/PrivateFrameworks/SignpostNotification.framework/Versions/A/SignpostNotification
0x000000000808b000 	/System/Library/PrivateFrameworks/DebugSymbols.framework/Versions/A/DebugSymbols
0x000000000808b000 	/System/Library/PrivateFrameworks/CoreSymbolication.framework/Versions/A/CoreSymbolication
0x000000000808b000 	/System/Library/PrivateFrameworks/Symbolication.framework/Versions/A/Symbolication
0x000000000808b000 	/System/Library/PrivateFrameworks/AppleFSCompression.framework/Versions/A/AppleFSCompression
0x000000000808b000 	/System/Library/PrivateFrameworks/SpeechRecognitionCore.framework/Versions/A/SpeechRecognitionCore
0x000000010d25c000 	/Library/Java/JavaVirtualMachines/jdk1.8.0_151.jdk/Contents/Home/jre/lib/server/libjvm.dylib
0x000000000808b000 	/usr/lib/libstdc++.6.0.9.dylib
0x000000010ce00000 	/Library/Java/JavaVirtualMachines/jdk1.8.0_151.jdk/Contents/Home/jre/lib/libverify.dylib
0x000000010ce0e000 	/Library/Java/JavaVirtualMachines/jdk1.8.0_151.jdk/Contents/Home/jre/lib/libjava.dylib
0x000000010ce83000 	/Library/Java/JavaVirtualMachines/jdk1.8.0_151.jdk/Contents/Home/jre/lib/libzip.dylib
0x000000000808b000 	/System/Library/Frameworks/JavaVM.framework/Versions/A/Frameworks/JavaRuntimeSupport.framework/Versions/A/JavaRuntimeSupport
0x000000000808b000 	/System/Library/Frameworks/JavaVM.framework/Versions/A/Frameworks/JavaNativeFoundation.framework/Versions/A/JavaNativeFoundation
0x000000000808b000 	/System/Library/Frameworks/JavaVM.framework/Versions/A/JavaVM
0x000000000808b000 	/System/Library/Frameworks/Carbon.framework/Versions/A/Carbon
0x000000000808b000 	/System/Library/PrivateFrameworks/JavaLaunching.framework/Versions/A/JavaLaunching
0x000000000808b000 	/System/Library/Frameworks/Carbon.framework/Versions/A/Frameworks/CommonPanels.framework/Versions/A/CommonPanels
0x000000000808b000 	/System/Library/Frameworks/Carbon.framework/Versions/A/Frameworks/Help.framework/Versions/A/Help
0x000000000808b000 	/System/Library/Frameworks/Carbon.framework/Versions/A/Frameworks/ImageCapture.framework/Versions/A/ImageCapture
0x000000000808b000 	/System/Library/Frameworks/Carbon.framework/Versions/A/Frameworks/OpenScripting.framework/Versions/A/OpenScripting
0x000000000808b000 	/System/Library/Frameworks/Carbon.framework/Versions/A/Frameworks/Print.framework/Versions/A/Print
0x000000000808b000 	/System/Library/Frameworks/Carbon.framework/Versions/A/Frameworks/SecurityHI.framework/Versions/A/SecurityHI
0x000000012521a000 	/Library/Java/JavaVirtualMachines/jdk1.8.0_151.jdk/Contents/Home/jre/lib/libawt.dylib
0x00000001252c2000 	/Library/Java/JavaVirtualMachines/jdk1.8.0_151.jdk/Contents/Home/jre/lib/./libmlib_image.dylib
0x000000012538e000 	/Library/Java/JavaVirtualMachines/jdk1.8.0_151.jdk/Contents/Home/jre/lib/libawt_lwawt.dylib
0x0000000125445000 	/Library/Java/JavaVirtualMachines/jdk1.8.0_151.jdk/Contents/Home/jre/lib/./libosxapp.dylib
0x000000000808b000 	/System/Library/Frameworks/ExceptionHandling.framework/Versions/A/ExceptionHandling
0x000000000808b000 	/System/Library/PrivateFrameworks/CoreServicesInternal.framework/Versions/A/CoreServicesInternal
0x000000000808b000 	/System/Library/CoreServices/RawCamera.bundle/Contents/MacOS/RawCamera
0x000000000808b000 	/System/Library/PrivateFrameworks/MobileAsset.framework/Versions/A/MobileAsset
0x000000000808b000 	/System/Library/PrivateFrameworks/StreamingZip.framework/Versions/A/StreamingZip
0x000000000808b000 	/System/Library/Frameworks/MediaToolbox.framework/Versions/A/MediaToolbox
0x000000000808b000 	/System/Library/PrivateFrameworks/CoreAVCHD.framework/Versions/A/CoreAVCHD
0x000000000808b000 	/System/Library/Frameworks/MediaAccessibility.framework/Versions/A/MediaAccessibility
0x000000000808b000 	/System/Library/PrivateFrameworks/Mangrove.framework/Versions/A/Mangrove
0x000000000808b000 	/System/Library/Frameworks/CoreMedia.framework/Versions/A/CoreMedia
0x000000000808b000 	/System/Library/Frameworks/VideoToolbox.framework/Versions/A/VideoToolbox
0x000000000808b000 	/System/Library/PrivateFrameworks/CoreAUC.framework/Versions/A/CoreAUC
0x000000000808b000 	/usr/lib/libspindump.dylib
0x000000000808b000 	/usr/lib/libdscsym.dylib
0x000000000808b000 	/System/Library/PrivateFrameworks/AppleVA.framework/Versions/A/AppleVA
0x000000000808b000 	/System/Library/Frameworks/Accelerate.framework/Versions/A/Frameworks/vImage.framework/Versions/A/Libraries/libCGInterfaces.dylib
0x000000000808b000 	/System/Library/Frameworks/ApplicationServices.framework/Versions/A/Frameworks/ATS.framework/Versions/A/Resources/libTrueTypeScaler.dylib
0x000000000808b000 	/System/Library/Frameworks/OpenGL.framework/Versions/A/Resources/GLEngine.bundle/GLEngine
0x000000000808b000 	/System/Library/Frameworks/OpenGL.framework/Versions/A/Libraries/libGLProgrammability.dylib
0x00000001277a4000 	/System/Library/Extensions/AppleIntelHD5000GraphicsGLDriver.bundle/Contents/MacOS/AppleIntelHD5000GraphicsGLDriver
0x000000000808b000 	/System/Library/PrivateFrameworks/GPUSupport.framework/Versions/A/Libraries/libGPUSupportMercury.dylib
0x000000000808b000 	/System/Library/Frameworks/OpenGL.framework/Versions/A/Resources/GLRendererFloat.bundle/GLRendererFloat
0x000000000808b000 	/System/Library/Frameworks/OpenCL.framework/Versions/A/Libraries/libcldcpuengine.dylib
0x000000000808b000 	/usr/lib/libcrypto.35.dylib
0x000000000808b000 	/System/Library/PrivateFrameworks/TrustEvaluationAgent.framework/Versions/A/TrustEvaluationAgent
0x000000000808b000 	/System/Library/Extensions/AppleIntelHD5000GraphicsMTLDriver.bundle/Contents/MacOS/AppleIntelHD5000GraphicsMTLDriver
0x000000000808b000 	/System/Library/PrivateFrameworks/GPUCompiler.framework/Versions/3802/Libraries/libmetal_timestamp.dylib
0x000000000808b000 	/System/Library/PrivateFrameworks/FamilyControls.framework/Versions/A/FamilyControls
0x000000000808b000 	/System/Library/PrivateFrameworks/CommerceKit.framework/Versions/A/Frameworks/CommerceCore.framework/Versions/A/CommerceCore
0x000000000808b000 	/System/Library/PrivateFrameworks/SystemAdministration.framework/Versions/A/SystemAdministration
0x000000000808b000 	/System/Library/PrivateFrameworks/AppContainer.framework/Versions/A/AppContainer
0x000000000808b000 	/System/Library/PrivateFrameworks/SecCodeWrapper.framework/Versions/A/SecCodeWrapper
0x000000000808b000 	/System/Library/PrivateFrameworks/DiskManagement.framework/Versions/A/DiskManagement
0x000000000808b000 	/System/Library/Frameworks/DirectoryService.framework/Versions/A/DirectoryService
0x000000000808b000 	/System/Library/PrivateFrameworks/DiskImages.framework/Versions/A/DiskImages
0x000000000808b000 	/System/Library/PrivateFrameworks/LoginUIKit.framework/Versions/A/Frameworks/LoginUICore.framework/Versions/A/LoginUICore
0x000000000808b000 	/usr/lib/libCoreStorage.dylib
0x000000000808b000 	/usr/lib/libcsfde.dylib
0x000000000808b000 	/usr/lib/libodfde.dylib
0x000000000808b000 	/System/Library/PrivateFrameworks/MediaKit.framework/Versions/A/MediaKit
0x000000000808b000 	/System/Library/Frameworks/DiscRecording.framework/Versions/A/DiscRecording
0x000000000808b000 	/System/Library/PrivateFrameworks/EFILogin.framework/Versions/A/EFILogin
0x000000000808b000 	/System/Library/PrivateFrameworks/ProtectedCloudStorage.framework/Versions/A/ProtectedCloudStorage
0x000000000808b000 	/usr/lib/libcurl.4.dylib
0x000000000808b000 	/usr/lib/libssl.35.dylib
0x000000000808b000 	/System/Library/Frameworks/LDAP.framework/Versions/A/LDAP
0x000000000808b000 	/usr/lib/libsasl2.2.dylib
0x000000000808b000 	/System/Library/PrivateFrameworks/CoreDaemon.framework/Versions/B/CoreDaemon
0x000000000808b000 	/System/Library/PrivateFrameworks/AppleSRP.framework/Versions/A/AppleSRP
0x0000000129204000 	/Library/Java/JavaVirtualMachines/jdk1.8.0_151.jdk/Contents/Home/jre/lib/libfontmanager.dylib
0x000000012926b000 	/Library/Java/JavaVirtualMachines/jdk1.8.0_151.jdk/Contents/Home/jre/lib/libosxui.dylib
0x000000000808b000 	/System/Library/PrivateFrameworks/ViewBridge.framework/Versions/A/ViewBridge
0x000000012b749000 	/Library/Java/JavaVirtualMachines/jdk1.8.0_151.jdk/Contents/Home/jre/lib/libnet.dylib
0x000000012b55f000 	/Library/Java/JavaVirtualMachines/jdk1.8.0_151.jdk/Contents/Home/jre/lib/libnio.dylib
0x000000015baee000 	/Library/Java/JavaVirtualMachines/jdk1.8.0_151.jdk/Contents/Home/jre/lib/libdcpr.dylib
0x000000000808b000 	/System/Library/PrivateFrameworks/login.framework/Versions/A/login

VM Arguments:
java_command: org.hsqldb.util.DatabaseManagerSwing
java_class_path (initial): ../lib/hsqldb.jar
Launcher Type: SUN_STANDARD

Environment Variables:
PATH=/usr/local/bin:/usr/bin:/bin:/usr/sbin:/sbin
SHELL=/bin/bash

Signal Handlers:
SIGSEGV: [libjvm.dylib+0x5b27a5], sa_mask[0]=11111111011111110111111111111111, sa_flags=SA_ONSTACK|SA_RESTART|SA_SIGINFO
SIGBUS: [libjvm.dylib+0x5b27a5], sa_mask[0]=11111111011111110111111111111111, sa_flags=SA_RESTART|SA_SIGINFO
SIGFPE: [libjvm.dylib+0x4891c4], sa_mask[0]=11111111011111110111111111111111, sa_flags=SA_RESTART|SA_SIGINFO
SIGPIPE: [libjvm.dylib+0x4891c4], sa_mask[0]=11111111011111110111111111111111, sa_flags=SA_RESTART|SA_SIGINFO
SIGXFSZ: [libjvm.dylib+0x4891c4], sa_mask[0]=11111111011111110111111111111111, sa_flags=SA_RESTART|SA_SIGINFO
SIGILL: [libjvm.dylib+0x4891c4], sa_mask[0]=11111111011111110111111111111111, sa_flags=SA_RESTART|SA_SIGINFO
SIGUSR1: SIG_DFL, sa_mask[0]=11011111011111100000000111000110, sa_flags=none
SIGUSR2: [libjvm.dylib+0x488ce2], sa_mask[0]=00000000000000000000000000000000, sa_flags=SA_RESTART|SA_SIGINFO
SIGHUP: [libjvm.dylib+0x4872b9], sa_mask[0]=11111111011111110111111111111111, sa_flags=SA_RESTART|SA_SIGINFO
SIGINT: [libjvm.dylib+0x4872b9], sa_mask[0]=11111111011111110111111111111111, sa_flags=SA_RESTART|SA_SIGINFO
SIGTERM: [libjvm.dylib+0x4872b9], sa_mask[0]=11111111011111110111111111111111, sa_flags=SA_RESTART|SA_SIGINFO
SIGQUIT: [libjvm.dylib+0x4872b9], sa_mask[0]=11111111011111110111111111111111, sa_flags=SA_RESTART|SA_SIGINFO


---------------  S Y S T E M  ---------------

OS:Bsduname:Darwin 17.3.0 Darwin Kernel Version 17.3.0: Thu Nov  9 18:09:22 PST 2017; root:xnu-4570.31.3~1/RELEASE_X86_64 x86_64
rlimit: STACK 8192k, CORE 0k, NPROC 709, NOFILE 10240, AS infinity
load average:2,65 2,08 1,99

CPU:total 4 (initial active 4) (2 cores per cpu, 2 threads per core) family 6 model 69 stepping 1, cmov, cx8, fxsr, mmx, sse, sse2, sse3, ssse3, sse4.1, sse4.2, popcnt, avx, avx2, aes, clmul, erms, lzcnt, ht, tsc, tscinvbit, bmi1, bmi2

Memory: 4k page, physical 8388608k(69912k free)

/proc/meminfo:


vm_info: Java HotSpot(TM) 64-Bit Server VM (25.151-b12) for bsd-amd64 JRE (1.8.0_151-b12), built on Sep  5 2017 19:37:08 by "java_re" with gcc 4.2.1 (Based on Apple Inc. build 5658) (LLVM build 2336.11.00)

time: Wed Dec 20 11:42:58 2017
elapsed time: 3810 seconds (0d 1h 3m 30s)

